The target system is: Generic -  - arm
The host system is: Linux - 5.15.11-arch2-1 - x86_64
Compiling the C compiler identification source file "CMakeCCompilerId.c" succeeded.
Compiler: /usr/bin/arm-none-eabi-gcc 
Build flags: 
Id flags: -c 

The output was:
0


Compilation of the C compiler identification source "CMakeCCompilerId.c" produced "CMakeCCompilerId.o"

The C compiler identification is GNU, found in "/mnt/hdd/home/kevin/Dokumente/Projekte/Github/OpenFanHub/Firmware/src/build/CMakeFiles/3.22.1/CompilerIdC/CMakeCCompilerId.o"

Checking whether the ASM compiler is GNU using "--version" matched "(GNU assembler)|(GCC)|(Free Software Foundation)":
arm-none-eabi-gcc (Arch Repository) 11.2.0
Copyright (C) 2021 Free Software Foundation, Inc.
This is free software; see the source for copying conditions.  There is NO
warranty; not even for MERCHANTABILITY or FITNESS FOR A PARTICULAR PURPOSE.

Detecting C compiler ABI info compiled with the following output:
Change Dir: /mnt/hdd/home/kevin/Dokumente/Projekte/Github/OpenFanHub/Firmware/src/build/CMakeFiles/CMakeTmp

Run Build Command(s):/usr/bin/gmake -f Makefile cmTC_49621/fast && /usr/bin/gmake  -f CMakeFiles/cmTC_49621.dir/build.make CMakeFiles/cmTC_49621.dir/build
gmake[1]: Entering directory '/mnt/hdd/home/kevin/Dokumente/Projekte/Github/OpenFanHub/Firmware/src/build/CMakeFiles/CMakeTmp'
Building C object CMakeFiles/cmTC_49621.dir/CMakeCCompilerABI.c.obj
/usr/bin/arm-none-eabi-gcc   -v -o CMakeFiles/cmTC_49621.dir/CMakeCCompilerABI.c.obj -c /usr/share/cmake/Modules/CMakeCCompilerABI.c
Using built-in specs.
COLLECT_GCC=/usr/bin/arm-none-eabi-gcc
Target: arm-none-eabi
Configured with: /build/arm-none-eabi-gcc/src/gcc-11.2.0/configure --target=arm-none-eabi --prefix=/usr --with-sysroot=/usr/arm-none-eabi --with-native-system-header-dir=/include --libexecdir=/usr/lib --enable-languages=c,c++ --enable-plugins --disable-decimal-float --disable-libffi --disable-libgomp --disable-libmudflap --disable-libquadmath --disable-libssp --disable-libstdcxx-pch --disable-nls --disable-shared --disable-threads --disable-tls --with-gnu-as --with-gnu-ld --with-system-zlib --with-newlib --with-headers=/usr/arm-none-eabi/include --with-python-dir=share/gcc-arm-none-eabi --with-gmp --with-mpfr --with-mpc --with-isl --with-libelf --enable-gnu-indirect-function --with-host-libstdcxx='-static-libgcc -Wl,-Bstatic,-lstdc++,-Bdynamic -lm' --with-pkgversion='Arch Repository' --with-bugurl=https://bugs.archlinux.org/ --with-multilib-list=rmprofile
Thread model: single
Supported LTO compression algorithms: zlib zstd
gcc version 11.2.0 (Arch Repository) 
COLLECT_GCC_OPTIONS='-v' '-o' 'CMakeFiles/cmTC_49621.dir/CMakeCCompilerABI.c.obj' '-c' '-mcpu=arm7tdmi' '-mfloat-abi=soft' '-marm' '-mlibarch=armv4t' '-march=armv4t' '-dumpdir' 'CMakeFiles/cmTC_49621.dir/'
 /usr/lib/gcc/arm-none-eabi/11.2.0/cc1 -quiet -v -D__USES_INITFINI__ /usr/share/cmake/Modules/CMakeCCompilerABI.c -quiet -dumpdir CMakeFiles/cmTC_49621.dir/ -dumpbase CMakeCCompilerABI.c.c -dumpbase-ext .c -mcpu=arm7tdmi -mfloat-abi=soft -marm -mlibarch=armv4t -march=armv4t -version -o /tmp/ccsQo3sf.s
GNU C17 (Arch Repository) version 11.2.0 (arm-none-eabi)
	compiled by GNU C version 11.1.0, GMP version 6.2.1, MPFR version 4.1.0, MPC version 1.2.1, isl version isl-0.24-GMP

warning: MPFR header version 4.1.0 differs from library version 4.1.0-p13.
GGC heuristics: --param ggc-min-expand=100 --param ggc-min-heapsize=131072
ignoring nonexistent directory "/usr/arm-none-eabi/usr/local/include"
ignoring duplicate directory "/usr/arm-none-eabi/include"
#include "..." search starts here:
#include <...> search starts here:
 /usr/lib/gcc/arm-none-eabi/11.2.0/include
 /usr/lib/gcc/arm-none-eabi/11.2.0/include-fixed
 /usr/lib/gcc/arm-none-eabi/11.2.0/../../../../arm-none-eabi/include
End of search list.
GNU C17 (Arch Repository) version 11.2.0 (arm-none-eabi)
	compiled by GNU C version 11.1.0, GMP version 6.2.1, MPFR version 4.1.0, MPC version 1.2.1, isl version isl-0.24-GMP

warning: MPFR header version 4.1.0 differs from library version 4.1.0-p13.
GGC heuristics: --param ggc-min-expand=100 --param ggc-min-heapsize=131072
Compiler executable checksum: 07f05911723e9496fe499cfe8412f071
COLLECT_GCC_OPTIONS='-v' '-o' 'CMakeFiles/cmTC_49621.dir/CMakeCCompilerABI.c.obj' '-c' '-mcpu=arm7tdmi' '-mfloat-abi=soft' '-marm' '-mlibarch=armv4t' '-march=armv4t' '-dumpdir' 'CMakeFiles/cmTC_49621.dir/'
 /usr/lib/gcc/arm-none-eabi/11.2.0/../../../../arm-none-eabi/bin/as -v -march=armv4t -mfloat-abi=soft -meabi=5 -o CMakeFiles/cmTC_49621.dir/CMakeCCompilerABI.c.obj /tmp/ccsQo3sf.s
GNU assembler version 2.37 (arm-none-eabi) using BFD version (GNU Binutils) 2.37
COMPILER_PATH=/usr/lib/gcc/arm-none-eabi/11.2.0/:/usr/lib/gcc/arm-none-eabi/11.2.0/:/usr/lib/gcc/arm-none-eabi/:/usr/lib/gcc/arm-none-eabi/11.2.0/:/usr/lib/gcc/arm-none-eabi/:/usr/lib/gcc/arm-none-eabi/11.2.0/../../../../arm-none-eabi/bin/
LIBRARY_PATH=/usr/lib/gcc/arm-none-eabi/11.2.0/:/usr/lib/gcc/arm-none-eabi/11.2.0/../../../../arm-none-eabi/lib/:/usr/arm-none-eabi/lib/
COLLECT_GCC_OPTIONS='-v' '-o' 'CMakeFiles/cmTC_49621.dir/CMakeCCompilerABI.c.obj' '-c' '-mcpu=arm7tdmi' '-mfloat-abi=soft' '-marm' '-mlibarch=armv4t' '-march=armv4t' '-dumpdir' 'CMakeFiles/cmTC_49621.dir/CMakeCCompilerABI.c.'
Linking C static library libcmTC_49621.a
/usr/bin/cmake -P CMakeFiles/cmTC_49621.dir/cmake_clean_target.cmake
/usr/bin/cmake -E cmake_link_script CMakeFiles/cmTC_49621.dir/link.txt --verbose=1
/usr/bin/arm-none-eabi-ar qc libcmTC_49621.a CMakeFiles/cmTC_49621.dir/CMakeCCompilerABI.c.obj
/usr/bin/arm-none-eabi-ranlib libcmTC_49621.a
gmake[1]: Leaving directory '/mnt/hdd/home/kevin/Dokumente/Projekte/Github/OpenFanHub/Firmware/src/build/CMakeFiles/CMakeTmp'



Parsed C implicit include dir info from above output: rv=done
  found start of include info
  found start of implicit include info
    add: [/usr/lib/gcc/arm-none-eabi/11.2.0/include]
    add: [/usr/lib/gcc/arm-none-eabi/11.2.0/include-fixed]
    add: [/usr/lib/gcc/arm-none-eabi/11.2.0/../../../../arm-none-eabi/include]
  end of search list found
  collapse include dir [/usr/lib/gcc/arm-none-eabi/11.2.0/include] ==> [/usr/lib/gcc/arm-none-eabi/11.2.0/include]
  collapse include dir [/usr/lib/gcc/arm-none-eabi/11.2.0/include-fixed] ==> [/usr/lib/gcc/arm-none-eabi/11.2.0/include-fixed]
  collapse include dir [/usr/lib/gcc/arm-none-eabi/11.2.0/../../../../arm-none-eabi/include] ==> [/usr/arm-none-eabi/include]
  implicit include dirs: [/usr/lib/gcc/arm-none-eabi/11.2.0/include;/usr/lib/gcc/arm-none-eabi/11.2.0/include-fixed;/usr/arm-none-eabi/include]


Parsed C implicit link information from above output:
  link line regex: [^( *|.*[/\])(arm-none-eabi-ld|CMAKE_LINK_STARTFILE-NOTFOUND|([^/\]+-)?ld|collect2)[^/\]*( |$)]
  ignore line: [Change Dir: /mnt/hdd/home/kevin/Dokumente/Projekte/Github/OpenFanHub/Firmware/src/build/CMakeFiles/CMakeTmp]
  ignore line: []
  ignore line: [Run Build Command(s):/usr/bin/gmake -f Makefile cmTC_49621/fast && /usr/bin/gmake  -f CMakeFiles/cmTC_49621.dir/build.make CMakeFiles/cmTC_49621.dir/build]
  ignore line: [gmake[1]: Entering directory '/mnt/hdd/home/kevin/Dokumente/Projekte/Github/OpenFanHub/Firmware/src/build/CMakeFiles/CMakeTmp']
  ignore line: [Building C object CMakeFiles/cmTC_49621.dir/CMakeCCompilerABI.c.obj]
  ignore line: [/usr/bin/arm-none-eabi-gcc   -v -o CMakeFiles/cmTC_49621.dir/CMakeCCompilerABI.c.obj -c /usr/share/cmake/Modules/CMakeCCompilerABI.c]
  ignore line: [Using built-in specs.]
  ignore line: [COLLECT_GCC=/usr/bin/arm-none-eabi-gcc]
  ignore line: [Target: arm-none-eabi]
  ignore line: [Configured with: /build/arm-none-eabi-gcc/src/gcc-11.2.0/configure --target=arm-none-eabi --prefix=/usr --with-sysroot=/usr/arm-none-eabi --with-native-system-header-dir=/include --libexecdir=/usr/lib --enable-languages=c,c++ --enable-plugins --disable-decimal-float --disable-libffi --disable-libgomp --disable-libmudflap --disable-libquadmath --disable-libssp --disable-libstdcxx-pch --disable-nls --disable-shared --disable-threads --disable-tls --with-gnu-as --with-gnu-ld --with-system-zlib --with-newlib --with-headers=/usr/arm-none-eabi/include --with-python-dir=share/gcc-arm-none-eabi --with-gmp --with-mpfr --with-mpc --with-isl --with-libelf --enable-gnu-indirect-function --with-host-libstdcxx='-static-libgcc -Wl,-Bstatic,-lstdc++,-Bdynamic -lm' --with-pkgversion='Arch Repository' --with-bugurl=https://bugs.archlinux.org/ --with-multilib-list=rmprofile]
  ignore line: [Thread model: single]
  ignore line: [Supported LTO compression algorithms: zlib zstd]
  ignore line: [gcc version 11.2.0 (Arch Repository) ]
  ignore line: [COLLECT_GCC_OPTIONS='-v' '-o' 'CMakeFiles/cmTC_49621.dir/CMakeCCompilerABI.c.obj' '-c' '-mcpu=arm7tdmi' '-mfloat-abi=soft' '-marm' '-mlibarch=armv4t' '-march=armv4t' '-dumpdir' 'CMakeFiles/cmTC_49621.dir/']
  ignore line: [ /usr/lib/gcc/arm-none-eabi/11.2.0/cc1 -quiet -v -D__USES_INITFINI__ /usr/share/cmake/Modules/CMakeCCompilerABI.c -quiet -dumpdir CMakeFiles/cmTC_49621.dir/ -dumpbase CMakeCCompilerABI.c.c -dumpbase-ext .c -mcpu=arm7tdmi -mfloat-abi=soft -marm -mlibarch=armv4t -march=armv4t -version -o /tmp/ccsQo3sf.s]
  ignore line: [GNU C17 (Arch Repository) version 11.2.0 (arm-none-eabi)]
  ignore line: [	compiled by GNU C version 11.1.0  GMP version 6.2.1  MPFR version 4.1.0  MPC version 1.2.1  isl version isl-0.24-GMP]
  ignore line: []
  ignore line: [warning: MPFR header version 4.1.0 differs from library version 4.1.0-p13.]
  ignore line: [GGC heuristics: --param ggc-min-expand=100 --param ggc-min-heapsize=131072]
  ignore line: [ignoring nonexistent directory "/usr/arm-none-eabi/usr/local/include"]
  ignore line: [ignoring duplicate directory "/usr/arm-none-eabi/include"]
  ignore line: [#include "..." search starts here:]
  ignore line: [#include <...> search starts here:]
  ignore line: [ /usr/lib/gcc/arm-none-eabi/11.2.0/include]
  ignore line: [ /usr/lib/gcc/arm-none-eabi/11.2.0/include-fixed]
  ignore line: [ /usr/lib/gcc/arm-none-eabi/11.2.0/../../../../arm-none-eabi/include]
  ignore line: [End of search list.]
  ignore line: [GNU C17 (Arch Repository) version 11.2.0 (arm-none-eabi)]
  ignore line: [	compiled by GNU C version 11.1.0  GMP version 6.2.1  MPFR version 4.1.0  MPC version 1.2.1  isl version isl-0.24-GMP]
  ignore line: []
  ignore line: [warning: MPFR header version 4.1.0 differs from library version 4.1.0-p13.]
  ignore line: [GGC heuristics: --param ggc-min-expand=100 --param ggc-min-heapsize=131072]
  ignore line: [Compiler executable checksum: 07f05911723e9496fe499cfe8412f071]
  ignore line: [COLLECT_GCC_OPTIONS='-v' '-o' 'CMakeFiles/cmTC_49621.dir/CMakeCCompilerABI.c.obj' '-c' '-mcpu=arm7tdmi' '-mfloat-abi=soft' '-marm' '-mlibarch=armv4t' '-march=armv4t' '-dumpdir' 'CMakeFiles/cmTC_49621.dir/']
  ignore line: [ /usr/lib/gcc/arm-none-eabi/11.2.0/../../../../arm-none-eabi/bin/as -v -march=armv4t -mfloat-abi=soft -meabi=5 -o CMakeFiles/cmTC_49621.dir/CMakeCCompilerABI.c.obj /tmp/ccsQo3sf.s]
  ignore line: [GNU assembler version 2.37 (arm-none-eabi) using BFD version (GNU Binutils) 2.37]
  ignore line: [COMPILER_PATH=/usr/lib/gcc/arm-none-eabi/11.2.0/:/usr/lib/gcc/arm-none-eabi/11.2.0/:/usr/lib/gcc/arm-none-eabi/:/usr/lib/gcc/arm-none-eabi/11.2.0/:/usr/lib/gcc/arm-none-eabi/:/usr/lib/gcc/arm-none-eabi/11.2.0/../../../../arm-none-eabi/bin/]
  ignore line: [LIBRARY_PATH=/usr/lib/gcc/arm-none-eabi/11.2.0/:/usr/lib/gcc/arm-none-eabi/11.2.0/../../../../arm-none-eabi/lib/:/usr/arm-none-eabi/lib/]
  ignore line: [COLLECT_GCC_OPTIONS='-v' '-o' 'CMakeFiles/cmTC_49621.dir/CMakeCCompilerABI.c.obj' '-c' '-mcpu=arm7tdmi' '-mfloat-abi=soft' '-marm' '-mlibarch=armv4t' '-march=armv4t' '-dumpdir' 'CMakeFiles/cmTC_49621.dir/CMakeCCompilerABI.c.']
  ignore line: [Linking C static library libcmTC_49621.a]
  ignore line: [/usr/bin/cmake -P CMakeFiles/cmTC_49621.dir/cmake_clean_target.cmake]
  ignore line: [/usr/bin/cmake -E cmake_link_script CMakeFiles/cmTC_49621.dir/link.txt --verbose=1]
  ignore line: [/usr/bin/arm-none-eabi-ar qc libcmTC_49621.a CMakeFiles/cmTC_49621.dir/CMakeCCompilerABI.c.obj]
  ignore line: [/usr/bin/arm-none-eabi-ranlib libcmTC_49621.a]
  ignore line: [gmake[1]: Leaving directory '/mnt/hdd/home/kevin/Dokumente/Projekte/Github/OpenFanHub/Firmware/src/build/CMakeFiles/CMakeTmp']
  ignore line: []
  ignore line: []
  implicit libs: []
  implicit objs: []
  implicit dirs: []
  implicit fwks: []


